{"/Users/jeisonhiguita/Documents/projects/miro/src/lib/constants.js": {"path":"/Users/jeisonhiguita/Documents/projects/miro/src/lib/constants.js","statementMap":{"0":{"start":{"line":1,"column":35},"end":{"line":1,"column":54}},"1":{"start":{"line":2,"column":29},"end":{"line":2,"column":31}},"2":{"start":{"line":3,"column":29},"end":{"line":3,"column":32}}},"fnMap":{},"branchMap":{},"s":{"0":6,"1":6,"2":6},"f":{},"b":{},"_coverageSchema":"1a1c01bbd47fc00a2c39e90264f33305004495a9","hash":"2b740d61035fa9f6b3b597945e8bf8c984565179"}
,"/Users/jeisonhiguita/Documents/projects/miro/src/lib/index.js": {"path":"/Users/jeisonhiguita/Documents/projects/miro/src/lib/index.js","statementMap":{"0":{"start":{"line":10,"column":21},"end":{"line":10,"column":49}},"1":{"start":{"line":12,"column":2},"end":{"line":17,"column":3}},"2":{"start":{"line":13,"column":22},"end":{"line":13,"column":45}},"3":{"start":{"line":14,"column":23},"end":{"line":14,"column":49}},"4":{"start":{"line":16,"column":6},"end":{"line":16,"column":74}},"5":{"start":{"line":16,"column":61},"end":{"line":16,"column":66}}},"fnMap":{"0":{"name":"emailInputFactory","decl":{"start":{"line":9,"column":9},"end":{"line":9,"column":26}},"loc":{"start":{"line":9,"column":41},"end":{"line":18,"column":1}},"line":9},"1":{"name":"(anonymous_1)","decl":{"start":{"line":13,"column":16},"end":{"line":13,"column":17}},"loc":{"start":{"line":13,"column":22},"end":{"line":13,"column":45}},"line":13},"2":{"name":"(anonymous_2)","decl":{"start":{"line":14,"column":14},"end":{"line":14,"column":15}},"loc":{"start":{"line":14,"column":23},"end":{"line":14,"column":49}},"line":14},"3":{"name":"(anonymous_3)","decl":{"start":{"line":15,"column":22},"end":{"line":15,"column":23}},"loc":{"start":{"line":16,"column":6},"end":{"line":16,"column":74}},"line":16},"4":{"name":"(anonymous_4)","decl":{"start":{"line":16,"column":46},"end":{"line":16,"column":47}},"loc":{"start":{"line":16,"column":61},"end":{"line":16,"column":66}},"line":16}},"branchMap":{},"s":{"0":2,"1":2,"2":0,"3":8,"4":1,"5":7},"f":{"0":2,"1":0,"2":8,"3":1,"4":7},"b":{},"_coverageSchema":"1a1c01bbd47fc00a2c39e90264f33305004495a9","hash":"734d7aea200b3d0f6698f47a190f5deb48adf094"}
,"/Users/jeisonhiguita/Documents/projects/miro/src/lib/components/block-email/index.js": {"path":"/Users/jeisonhiguita/Documents/projects/miro/src/lib/components/block-email/index.js","statementMap":{"0":{"start":{"line":15,"column":2},"end":{"line":15,"column":74}},"1":{"start":{"line":15,"column":14},"end":{"line":15,"column":74}},"2":{"start":{"line":16,"column":2},"end":{"line":17,"column":70}},"3":{"start":{"line":17,"column":4},"end":{"line":17,"column":70}},"4":{"start":{"line":19,"column":20},"end":{"line":19,"column":26}},"5":{"start":{"line":20,"column":25},"end":{"line":20,"column":52}},"6":{"start":{"line":21,"column":22},"end":{"line":21,"column":49}},"7":{"start":{"line":23,"column":2},"end":{"line":23,"column":46}},"8":{"start":{"line":24,"column":2},"end":{"line":24,"column":58}},"9":{"start":{"line":26,"column":2},"end":{"line":26,"column":42}},"10":{"start":{"line":27,"column":2},"end":{"line":27,"column":43}},"11":{"start":{"line":29,"column":16},"end":{"line":29,"column":46}},"12":{"start":{"line":30,"column":21},"end":{"line":30,"column":78}},"13":{"start":{"line":31,"column":2},"end":{"line":31,"column":32}},"14":{"start":{"line":32,"column":2},"end":{"line":32,"column":37}},"15":{"start":{"line":34,"column":2},"end":{"line":34,"column":20}}},"fnMap":{"0":{"name":"createBlockEmailElement","decl":{"start":{"line":11,"column":9},"end":{"line":11,"column":32}},"loc":{"start":{"line":14,"column":2},"end":{"line":35,"column":1}},"line":14}},"branchMap":{"0":{"loc":{"start":{"line":12,"column":2},"end":{"line":12,"column":36}},"type":"default-arg","locations":[{"start":{"line":12,"column":34},"end":{"line":12,"column":36}}],"line":12},"1":{"loc":{"start":{"line":13,"column":2},"end":{"line":13,"column":13}},"type":"default-arg","locations":[{"start":{"line":13,"column":11},"end":{"line":13,"column":13}}],"line":13},"2":{"loc":{"start":{"line":15,"column":2},"end":{"line":15,"column":74}},"type":"if","locations":[{"start":{"line":15,"column":2},"end":{"line":15,"column":74}},{"start":{"line":15,"column":2},"end":{"line":15,"column":74}}],"line":15},"3":{"loc":{"start":{"line":16,"column":2},"end":{"line":17,"column":70}},"type":"if","locations":[{"start":{"line":16,"column":2},"end":{"line":17,"column":70}},{"start":{"line":16,"column":2},"end":{"line":17,"column":70}}],"line":16},"4":{"loc":{"start":{"line":20,"column":25},"end":{"line":20,"column":52}},"type":"cond-expr","locations":[{"start":{"line":20,"column":33},"end":{"line":20,"column":40}},{"start":{"line":20,"column":43},"end":{"line":20,"column":52}}],"line":20}},"s":{"0":23,"1":1,"2":22,"3":1,"4":21,"5":21,"6":21,"7":21,"8":21,"9":21,"10":21,"11":21,"12":21,"13":21,"14":21,"15":21},"f":{"0":23},"b":{"0":[1],"1":[2],"2":[1,22],"3":[1,21],"4":[14,7]},"_coverageSchema":"1a1c01bbd47fc00a2c39e90264f33305004495a9","hash":"0b39ffa4a74ee05b3fc7569066ed94ef235f6bcc"}
,"/Users/jeisonhiguita/Documents/projects/miro/src/lib/components/close-icon/index.js": {"path":"/Users/jeisonhiguita/Documents/projects/miro/src/lib/components/close-icon/index.js","statementMap":{"0":{"start":{"line":7,"column":20},"end":{"line":7,"column":26}},"1":{"start":{"line":8,"column":21},"end":{"line":8,"column":51}},"2":{"start":{"line":9,"column":13},"end":{"line":9,"column":52}},"3":{"start":{"line":10,"column":2},"end":{"line":10,"column":33}},"4":{"start":{"line":11,"column":2},"end":{"line":11,"column":37}},"5":{"start":{"line":12,"column":2},"end":{"line":12,"column":42}},"6":{"start":{"line":14,"column":2},"end":{"line":19,"column":4}},"7":{"start":{"line":15,"column":4},"end":{"line":15,"column":27}},"8":{"start":{"line":16,"column":4},"end":{"line":16,"column":26}},"9":{"start":{"line":18,"column":4},"end":{"line":18,"column":16}},"10":{"start":{"line":20,"column":2},"end":{"line":20,"column":19}}},"fnMap":{"0":{"name":"createIconCloseElement","decl":{"start":{"line":6,"column":9},"end":{"line":6,"column":31}},"loc":{"start":{"line":6,"column":64},"end":{"line":21,"column":1}},"line":6},"1":{"name":"(anonymous_1)","decl":{"start":{"line":14,"column":39},"end":{"line":14,"column":40}},"loc":{"start":{"line":14,"column":48},"end":{"line":19,"column":3}},"line":14}},"branchMap":{},"s":{"0":23,"1":23,"2":23,"3":23,"4":23,"5":23,"6":23,"7":1,"8":1,"9":1,"10":23},"f":{"0":23,"1":1},"b":{},"_coverageSchema":"1a1c01bbd47fc00a2c39e90264f33305004495a9","hash":"0a8c90b8388b3cae94b0918020f370fc36cf6ee3"}
,"/Users/jeisonhiguita/Documents/projects/miro/src/lib/components/email-input/index.js": {"path":"/Users/jeisonhiguita/Documents/projects/miro/src/lib/components/email-input/index.js","statementMap":{"0":{"start":{"line":14,"column":2},"end":{"line":14,"column":77}},"1":{"start":{"line":14,"column":34},"end":{"line":14,"column":77}},"2":{"start":{"line":15,"column":2},"end":{"line":15,"column":76}},"3":{"start":{"line":15,"column":23},"end":{"line":15,"column":76}},"4":{"start":{"line":16,"column":2},"end":{"line":16,"column":18}},"5":{"start":{"line":18,"column":22},"end":{"line":18,"column":48}},"6":{"start":{"line":19,"column":17},"end":{"line":19,"column":57}},"7":{"start":{"line":21,"column":25},"end":{"line":23,"column":3}},"8":{"start":{"line":22,"column":4},"end":{"line":22,"column":18}},"9":{"start":{"line":25,"column":25},"end":{"line":25,"column":55}},"10":{"start":{"line":27,"column":19},"end":{"line":27,"column":70}},"11":{"start":{"line":28,"column":2},"end":{"line":28,"column":38}},"12":{"start":{"line":29,"column":2},"end":{"line":29,"column":30}},"13":{"start":{"line":30,"column":2},"end":{"line":30,"column":27}},"14":{"start":{"line":32,"column":2},"end":{"line":32,"column":38}},"15":{"start":{"line":33,"column":2},"end":{"line":33,"column":16}},"16":{"start":{"line":34,"column":2},"end":{"line":34,"column":18}},"17":{"start":{"line":40,"column":0},"end":{"line":52,"column":1}},"18":{"start":{"line":41,"column":2},"end":{"line":51,"column":3}},"19":{"start":{"line":43,"column":6},"end":{"line":43,"column":26}},"20":{"start":{"line":46,"column":6},"end":{"line":46,"column":36}},"21":{"start":{"line":49,"column":6},"end":{"line":49,"column":26}},"22":{"start":{"line":54,"column":0},"end":{"line":56,"column":1}},"23":{"start":{"line":55,"column":2},"end":{"line":55,"column":17}},"24":{"start":{"line":61,"column":0},"end":{"line":72,"column":1}},"25":{"start":{"line":62,"column":2},"end":{"line":62,"column":20}},"26":{"start":{"line":62,"column":14},"end":{"line":62,"column":20}},"27":{"start":{"line":64,"column":2},"end":{"line":67,"column":3}},"28":{"start":{"line":65,"column":4},"end":{"line":65,"column":44}},"29":{"start":{"line":66,"column":4},"end":{"line":66,"column":10}},"30":{"start":{"line":69,"column":19},"end":{"line":69,"column":56}},"31":{"start":{"line":70,"column":2},"end":{"line":70,"column":31}},"32":{"start":{"line":71,"column":2},"end":{"line":71,"column":33}},"33":{"start":{"line":79,"column":0},"end":{"line":90,"column":1}},"34":{"start":{"line":80,"column":22},"end":{"line":88,"column":3}},"35":{"start":{"line":84,"column":8},"end":{"line":84,"column":39}},"36":{"start":{"line":85,"column":8},"end":{"line":85,"column":36}},"37":{"start":{"line":89,"column":2},"end":{"line":89,"column":46}},"38":{"start":{"line":96,"column":0},"end":{"line":107,"column":1}},"39":{"start":{"line":97,"column":2},"end":{"line":97,"column":20}},"40":{"start":{"line":97,"column":14},"end":{"line":97,"column":20}},"41":{"start":{"line":99,"column":13},"end":{"line":99,"column":48}},"42":{"start":{"line":100,"column":22},"end":{"line":100,"column":49}},"43":{"start":{"line":102,"column":2},"end":{"line":102,"column":53}},"44":{"start":{"line":102,"column":47},"end":{"line":102,"column":53}},"45":{"start":{"line":104,"column":2},"end":{"line":104,"column":49}},"46":{"start":{"line":106,"column":2},"end":{"line":106,"column":27}},"47":{"start":{"line":113,"column":0},"end":{"line":118,"column":1}},"48":{"start":{"line":114,"column":2},"end":{"line":114,"column":19}},"49":{"start":{"line":114,"column":13},"end":{"line":114,"column":19}},"50":{"start":{"line":116,"column":17},"end":{"line":116,"column":32}},"51":{"start":{"line":117,"column":2},"end":{"line":117,"column":47}},"52":{"start":{"line":117,"column":26},"end":{"line":117,"column":46}}},"fnMap":{"0":{"name":"EmailInput","decl":{"start":{"line":13,"column":24},"end":{"line":13,"column":34}},"loc":{"start":{"line":13,"column":49},"end":{"line":35,"column":1}},"line":13},"1":{"name":"(anonymous_1)","decl":{"start":{"line":21,"column":25},"end":{"line":21,"column":26}},"loc":{"start":{"line":21,"column":31},"end":{"line":23,"column":3}},"line":21},"2":{"name":"(anonymous_2)","decl":{"start":{"line":40,"column":43},"end":{"line":40,"column":44}},"loc":{"start":{"line":40,"column":54},"end":{"line":52,"column":1}},"line":40},"3":{"name":"(anonymous_3)","decl":{"start":{"line":42,"column":11},"end":{"line":42,"column":12}},"loc":{"start":{"line":42,"column":20},"end":{"line":44,"column":5}},"line":42},"4":{"name":"(anonymous_4)","decl":{"start":{"line":45,"column":11},"end":{"line":45,"column":12}},"loc":{"start":{"line":45,"column":20},"end":{"line":47,"column":5}},"line":45},"5":{"name":"(anonymous_5)","decl":{"start":{"line":48,"column":10},"end":{"line":48,"column":11}},"loc":{"start":{"line":48,"column":19},"end":{"line":50,"column":5}},"line":48},"6":{"name":"(anonymous_6)","decl":{"start":{"line":54,"column":34},"end":{"line":54,"column":35}},"loc":{"start":{"line":54,"column":45},"end":{"line":56,"column":1}},"line":54},"7":{"name":"(anonymous_7)","decl":{"start":{"line":61,"column":32},"end":{"line":61,"column":33}},"loc":{"start":{"line":61,"column":48},"end":{"line":72,"column":1}},"line":61},"8":{"name":"(anonymous_8)","decl":{"start":{"line":79,"column":40},"end":{"line":79,"column":41}},"loc":{"start":{"line":79,"column":67},"end":{"line":90,"column":1}},"line":79},"9":{"name":"(anonymous_9)","decl":{"start":{"line":83,"column":13},"end":{"line":83,"column":14}},"loc":{"start":{"line":83,"column":22},"end":{"line":86,"column":7}},"line":83},"10":{"name":"(anonymous_10)","decl":{"start":{"line":96,"column":40},"end":{"line":96,"column":41}},"loc":{"start":{"line":96,"column":56},"end":{"line":107,"column":1}},"line":96},"11":{"name":"(anonymous_11)","decl":{"start":{"line":113,"column":42},"end":{"line":113,"column":43}},"loc":{"start":{"line":113,"column":57},"end":{"line":118,"column":1}},"line":113},"12":{"name":"(anonymous_12)","decl":{"start":{"line":117,"column":17},"end":{"line":117,"column":18}},"loc":{"start":{"line":117,"column":26},"end":{"line":117,"column":46}},"line":117}},"branchMap":{"0":{"loc":{"start":{"line":14,"column":2},"end":{"line":14,"column":77}},"type":"if","locations":[{"start":{"line":14,"column":2},"end":{"line":14,"column":77}},{"start":{"line":14,"column":2},"end":{"line":14,"column":77}}],"line":14},"1":{"loc":{"start":{"line":15,"column":2},"end":{"line":15,"column":76}},"type":"if","locations":[{"start":{"line":15,"column":2},"end":{"line":15,"column":76}},{"start":{"line":15,"column":2},"end":{"line":15,"column":76}}],"line":15},"2":{"loc":{"start":{"line":62,"column":2},"end":{"line":62,"column":20}},"type":"if","locations":[{"start":{"line":62,"column":2},"end":{"line":62,"column":20}},{"start":{"line":62,"column":2},"end":{"line":62,"column":20}}],"line":62},"3":{"loc":{"start":{"line":64,"column":2},"end":{"line":67,"column":3}},"type":"if","locations":[{"start":{"line":64,"column":2},"end":{"line":67,"column":3}},{"start":{"line":64,"column":2},"end":{"line":67,"column":3}}],"line":64},"4":{"loc":{"start":{"line":97,"column":2},"end":{"line":97,"column":20}},"type":"if","locations":[{"start":{"line":97,"column":2},"end":{"line":97,"column":20}},{"start":{"line":97,"column":2},"end":{"line":97,"column":20}}],"line":97},"5":{"loc":{"start":{"line":102,"column":2},"end":{"line":102,"column":53}},"type":"if","locations":[{"start":{"line":102,"column":2},"end":{"line":102,"column":53}},{"start":{"line":102,"column":2},"end":{"line":102,"column":53}}],"line":102},"6":{"loc":{"start":{"line":102,"column":6},"end":{"line":102,"column":45}},"type":"binary-expr","locations":[{"start":{"line":102,"column":6},"end":{"line":102,"column":18}},{"start":{"line":102,"column":22},"end":{"line":102,"column":45}}],"line":102},"7":{"loc":{"start":{"line":114,"column":2},"end":{"line":114,"column":19}},"type":"if","locations":[{"start":{"line":114,"column":2},"end":{"line":114,"column":19}},{"start":{"line":114,"column":2},"end":{"line":114,"column":19}}],"line":114}},"s":{"0":11,"1":1,"2":10,"3":1,"4":9,"5":9,"6":9,"7":9,"8":0,"9":9,"10":9,"11":9,"12":9,"13":9,"14":9,"15":9,"16":9,"17":2,"18":9,"19":0,"20":0,"21":0,"22":2,"23":1,"24":2,"25":18,"26":0,"27":18,"28":0,"29":0,"30":18,"31":18,"32":18,"33":2,"34":18,"35":0,"36":0,"37":18,"38":2,"39":2,"40":0,"41":2,"42":2,"43":2,"44":0,"45":2,"46":2,"47":2,"48":2,"49":0,"50":2,"51":2,"52":6},"f":{"0":11,"1":0,"2":9,"3":0,"4":0,"5":0,"6":1,"7":18,"8":18,"9":0,"10":2,"11":2,"12":6},"b":{"0":[1,10],"1":[1,9],"2":[0,18],"3":[0,18],"4":[0,2],"5":[0,2],"6":[2,2],"7":[0,2]},"_coverageSchema":"1a1c01bbd47fc00a2c39e90264f33305004495a9","hash":"3ab003b8972ce8da7614eaff3329c810ac446ff8"}
,"/Users/jeisonhiguita/Documents/projects/miro/src/lib/components/input/index.js": {"path":"/Users/jeisonhiguita/Documents/projects/miro/src/lib/components/input/index.js","statementMap":{"0":{"start":{"line":10,"column":2},"end":{"line":24,"column":3}},"1":{"start":{"line":14,"column":8},"end":{"line":14,"column":13}},"2":{"start":{"line":15,"column":4},"end":{"line":15,"column":50}},"3":{"start":{"line":15,"column":44},"end":{"line":15,"column":50}},"4":{"start":{"line":18,"column":6},"end":{"line":18,"column":60}},"5":{"start":{"line":20,"column":4},"end":{"line":20,"column":26}},"6":{"start":{"line":21,"column":4},"end":{"line":21,"column":27}},"7":{"start":{"line":22,"column":4},"end":{"line":22,"column":25}},"8":{"start":{"line":23,"column":4},"end":{"line":23,"column":11}},"9":{"start":{"line":33,"column":2},"end":{"line":41,"column":3}},"10":{"start":{"line":34,"column":4},"end":{"line":34,"column":26}},"11":{"start":{"line":35,"column":4},"end":{"line":35,"column":27}},"12":{"start":{"line":37,"column":26},"end":{"line":37,"column":69}},"13":{"start":{"line":38,"column":18},"end":{"line":38,"column":47}},"14":{"start":{"line":39,"column":4},"end":{"line":39,"column":13}},"15":{"start":{"line":40,"column":4},"end":{"line":40,"column":11}},"16":{"start":{"line":50,"column":2},"end":{"line":60,"column":3}},"17":{"start":{"line":51,"column":4},"end":{"line":51,"column":26}},"18":{"start":{"line":52,"column":4},"end":{"line":52,"column":27}},"19":{"start":{"line":56,"column":8},"end":{"line":56,"column":13}},"20":{"start":{"line":58,"column":4},"end":{"line":58,"column":13}},"21":{"start":{"line":59,"column":4},"end":{"line":59,"column":11}},"22":{"start":{"line":75,"column":33},"end":{"line":75,"column":39}},"23":{"start":{"line":76,"column":17},"end":{"line":76,"column":48}},"24":{"start":{"line":77,"column":2},"end":{"line":77,"column":34}},"25":{"start":{"line":78,"column":2},"end":{"line":78,"column":31}},"26":{"start":{"line":79,"column":2},"end":{"line":79,"column":21}},"27":{"start":{"line":80,"column":2},"end":{"line":80,"column":44}},"28":{"start":{"line":82,"column":16},"end":{"line":84,"column":3}},"29":{"start":{"line":83,"column":4},"end":{"line":83,"column":21}},"30":{"start":{"line":86,"column":18},"end":{"line":86,"column":46}},"31":{"start":{"line":87,"column":2},"end":{"line":87,"column":43}},"32":{"start":{"line":89,"column":18},"end":{"line":89,"column":46}},"33":{"start":{"line":90,"column":2},"end":{"line":90,"column":43}},"34":{"start":{"line":92,"column":17},"end":{"line":92,"column":43}},"35":{"start":{"line":93,"column":2},"end":{"line":93,"column":41}},"36":{"start":{"line":95,"column":2},"end":{"line":95,"column":15}}},"fnMap":{"0":{"name":"onKeyupFactory","decl":{"start":{"line":9,"column":16},"end":{"line":9,"column":30}},"loc":{"start":{"line":9,"column":42},"end":{"line":25,"column":1}},"line":9},"1":{"name":"(anonymous_1)","decl":{"start":{"line":10,"column":9},"end":{"line":10,"column":10}},"loc":{"start":{"line":10,"column":18},"end":{"line":24,"column":3}},"line":10},"2":{"name":"onPasteFactory","decl":{"start":{"line":32,"column":16},"end":{"line":32,"column":30}},"loc":{"start":{"line":32,"column":42},"end":{"line":42,"column":1}},"line":32},"3":{"name":"(anonymous_3)","decl":{"start":{"line":33,"column":9},"end":{"line":33,"column":10}},"loc":{"start":{"line":33,"column":18},"end":{"line":41,"column":3}},"line":33},"4":{"name":"onBlurFactory","decl":{"start":{"line":49,"column":16},"end":{"line":49,"column":29}},"loc":{"start":{"line":49,"column":41},"end":{"line":61,"column":1}},"line":49},"5":{"name":"(anonymous_5)","decl":{"start":{"line":50,"column":9},"end":{"line":50,"column":10}},"loc":{"start":{"line":50,"column":18},"end":{"line":60,"column":3}},"line":50},"6":{"name":"createInputElement","decl":{"start":{"line":71,"column":9},"end":{"line":71,"column":27}},"loc":{"start":{"line":74,"column":2},"end":{"line":96,"column":1}},"line":74},"7":{"name":"(anonymous_7)","decl":{"start":{"line":82,"column":16},"end":{"line":82,"column":17}},"loc":{"start":{"line":82,"column":22},"end":{"line":84,"column":3}},"line":82}},"branchMap":{"0":{"loc":{"start":{"line":15,"column":4},"end":{"line":15,"column":50}},"type":"if","locations":[{"start":{"line":15,"column":4},"end":{"line":15,"column":50}},{"start":{"line":15,"column":4},"end":{"line":15,"column":50}}],"line":15},"1":{"loc":{"start":{"line":18,"column":6},"end":{"line":18,"column":60}},"type":"cond-expr","locations":[{"start":{"line":18,"column":34},"end":{"line":18,"column":52}},{"start":{"line":18,"column":55},"end":{"line":18,"column":60}}],"line":18},"2":{"loc":{"start":{"line":37,"column":26},"end":{"line":37,"column":69}},"type":"binary-expr","locations":[{"start":{"line":37,"column":26},"end":{"line":37,"column":45}},{"start":{"line":37,"column":49},"end":{"line":37,"column":69}}],"line":37},"3":{"loc":{"start":{"line":72,"column":2},"end":{"line":72,"column":44}},"type":"default-arg","locations":[{"start":{"line":72,"column":42},"end":{"line":72,"column":44}}],"line":72},"4":{"loc":{"start":{"line":72,"column":4},"end":{"line":72,"column":37}},"type":"default-arg","locations":[{"start":{"line":72,"column":18},"end":{"line":72,"column":37}}],"line":72},"5":{"loc":{"start":{"line":73,"column":2},"end":{"line":73,"column":13}},"type":"default-arg","locations":[{"start":{"line":73,"column":11},"end":{"line":73,"column":13}}],"line":73}},"s":{"0":12,"1":1,"2":1,"3":0,"4":1,"5":1,"6":1,"7":1,"8":1,"9":12,"10":1,"11":1,"12":1,"13":1,"14":1,"15":1,"16":12,"17":1,"18":1,"19":1,"20":1,"21":1,"22":11,"23":11,"24":11,"25":11,"26":11,"27":11,"28":11,"29":0,"30":11,"31":11,"32":11,"33":11,"34":11,"35":11,"36":11},"f":{"0":12,"1":1,"2":12,"3":1,"4":12,"5":1,"6":11,"7":0},"b":{"0":[0,1],"1":[0,1],"2":[1,0],"3":[10],"4":[10],"5":[2]},"_coverageSchema":"1a1c01bbd47fc00a2c39e90264f33305004495a9","hash":"26609c7b4ebd54076f7d11860e7409603ff91ab3"}
,"/Users/jeisonhiguita/Documents/projects/miro/src/lib/components/wrapper/index.js": {"path":"/Users/jeisonhiguita/Documents/projects/miro/src/lib/components/wrapper/index.js","statementMap":{"0":{"start":{"line":8,"column":20},"end":{"line":8,"column":26}},"1":{"start":{"line":10,"column":19},"end":{"line":10,"column":48}},"2":{"start":{"line":11,"column":2},"end":{"line":11,"column":48}},"3":{"start":{"line":13,"column":2},"end":{"line":16,"column":4}},"4":{"start":{"line":14,"column":4},"end":{"line":14,"column":26}},"5":{"start":{"line":15,"column":4},"end":{"line":15,"column":11}},"6":{"start":{"line":18,"column":2},"end":{"line":18,"column":17}}},"fnMap":{"0":{"name":"createWrapperElement","decl":{"start":{"line":7,"column":9},"end":{"line":7,"column":29}},"loc":{"start":{"line":7,"column":46},"end":{"line":19,"column":1}},"line":7},"1":{"name":"(anonymous_1)","decl":{"start":{"line":13,"column":37},"end":{"line":13,"column":38}},"loc":{"start":{"line":13,"column":46},"end":{"line":16,"column":3}},"line":13}},"branchMap":{"0":{"loc":{"start":{"line":7,"column":33},"end":{"line":7,"column":44}},"type":"default-arg","locations":[{"start":{"line":7,"column":42},"end":{"line":7,"column":44}}],"line":7}},"s":{"0":9,"1":9,"2":9,"3":9,"4":0,"5":0,"6":9},"f":{"0":9,"1":0},"b":{"0":[0]},"_coverageSchema":"1a1c01bbd47fc00a2c39e90264f33305004495a9","hash":"f572c8b4ed540a2cbb894883c931c872e29eb211"}
,"/Users/jeisonhiguita/Documents/projects/miro/src/lib/utils/index.js": {"path":"/Users/jeisonhiguita/Documents/projects/miro/src/lib/utils/index.js","statementMap":{"0":{"start":{"line":4,"column":2},"end":{"line":4,"column":70}},"1":{"start":{"line":8,"column":2},"end":{"line":8,"column":63}},"2":{"start":{"line":12,"column":2},"end":{"line":12,"column":26}},"3":{"start":{"line":12,"column":14},"end":{"line":12,"column":26}},"4":{"start":{"line":13,"column":2},"end":{"line":13,"column":55}},"5":{"start":{"line":23,"column":2},"end":{"line":23,"column":46}}},"fnMap":{"0":{"name":"isElement","decl":{"start":{"line":3,"column":16},"end":{"line":3,"column":25}},"loc":{"start":{"line":3,"column":35},"end":{"line":5,"column":1}},"line":3},"1":{"name":"keyPressedIsCommaOrEnter","decl":{"start":{"line":7,"column":16},"end":{"line":7,"column":40}},"loc":{"start":{"line":7,"column":50},"end":{"line":9,"column":1}},"line":7},"2":{"name":"isValidEmail","decl":{"start":{"line":11,"column":16},"end":{"line":11,"column":28}},"loc":{"start":{"line":11,"column":36},"end":{"line":14,"column":1}},"line":11},"3":{"name":"createUniqueBlockId","decl":{"start":{"line":22,"column":16},"end":{"line":22,"column":35}},"loc":{"start":{"line":22,"column":56},"end":{"line":24,"column":1}},"line":22}},"branchMap":{"0":{"loc":{"start":{"line":4,"column":9},"end":{"line":4,"column":70}},"type":"binary-expr","locations":[{"start":{"line":4,"column":9},"end":{"line":4,"column":35}},{"start":{"line":4,"column":39},"end":{"line":4,"column":70}}],"line":4},"1":{"loc":{"start":{"line":8,"column":9},"end":{"line":8,"column":63}},"type":"binary-expr","locations":[{"start":{"line":8,"column":9},"end":{"line":8,"column":34}},{"start":{"line":8,"column":38},"end":{"line":8,"column":63}}],"line":8},"2":{"loc":{"start":{"line":12,"column":2},"end":{"line":12,"column":26}},"type":"if","locations":[{"start":{"line":12,"column":2},"end":{"line":12,"column":26}},{"start":{"line":12,"column":2},"end":{"line":12,"column":26}}],"line":12}},"s":{"0":12,"1":3,"2":20,"3":0,"4":20,"5":49},"f":{"0":12,"1":3,"2":20,"3":49},"b":{"0":[12,2],"1":[3,1],"2":[0,20]},"_coverageSchema":"1a1c01bbd47fc00a2c39e90264f33305004495a9","hash":"d68fb9e3fe135836d06dd839ff51c480d37de1fa"}
}
