{"total": {"lines":{"total":128,"covered":116,"skipped":0,"pct":90.63},"statements":{"total":139,"covered":121,"skipped":0,"pct":87.05},"functions":{"total":35,"covered":27,"skipped":0,"pct":77.14},"branches":{"total":40,"covered":30,"skipped":0,"pct":75}}
,"/Users/jeisonhiguita/Documents/projects/miro/src/lib/constants.js": {"lines":{"total":3,"covered":3,"skipped":0,"pct":100},"functions":{"total":0,"covered":0,"skipped":0,"pct":100},"statements":{"total":3,"covered":3,"skipped":0,"pct":100},"branches":{"total":0,"covered":0,"skipped":0,"pct":100}}
,"/Users/jeisonhiguita/Documents/projects/miro/src/lib/index.js": {"lines":{"total":5,"covered":4,"skipped":0,"pct":80},"functions":{"total":5,"covered":4,"skipped":0,"pct":80},"statements":{"total":6,"covered":5,"skipped":0,"pct":83.33},"branches":{"total":0,"covered":0,"skipped":0,"pct":100}}
,"/Users/jeisonhiguita/Documents/projects/miro/src/lib/components/block-email/index.js": {"lines":{"total":15,"covered":15,"skipped":0,"pct":100},"functions":{"total":1,"covered":1,"skipped":0,"pct":100},"statements":{"total":16,"covered":16,"skipped":0,"pct":100},"branches":{"total":8,"covered":8,"skipped":0,"pct":100}}
,"/Users/jeisonhiguita/Documents/projects/miro/src/lib/components/close-icon/index.js": {"lines":{"total":11,"covered":11,"skipped":0,"pct":100},"functions":{"total":2,"covered":2,"skipped":0,"pct":100},"statements":{"total":11,"covered":11,"skipped":0,"pct":100},"branches":{"total":0,"covered":0,"skipped":0,"pct":100}}
,"/Users/jeisonhiguita/Documents/projects/miro/src/lib/components/email-input/index.js": {"lines":{"total":46,"covered":38,"skipped":0,"pct":82.61},"functions":{"total":13,"covered":8,"skipped":0,"pct":61.54},"statements":{"total":53,"covered":41,"skipped":0,"pct":77.36},"branches":{"total":16,"covered":11,"skipped":0,"pct":68.75}}
,"/Users/jeisonhiguita/Documents/projects/miro/src/lib/components/input/index.js": {"lines":{"total":36,"covered":35,"skipped":0,"pct":97.22},"functions":{"total":8,"covered":7,"skipped":0,"pct":87.5},"statements":{"total":37,"covered":35,"skipped":0,"pct":94.59},"branches":{"total":9,"covered":6,"skipped":0,"pct":66.67}}
,"/Users/jeisonhiguita/Documents/projects/miro/src/lib/components/wrapper/index.js": {"lines":{"total":7,"covered":5,"skipped":0,"pct":71.43},"functions":{"total":2,"covered":1,"skipped":0,"pct":50},"statements":{"total":7,"covered":5,"skipped":0,"pct":71.43},"branches":{"total":1,"covered":0,"skipped":0,"pct":0}}
,"/Users/jeisonhiguita/Documents/projects/miro/src/lib/utils/index.js": {"lines":{"total":5,"covered":5,"skipped":0,"pct":100},"functions":{"total":4,"covered":4,"skipped":0,"pct":100},"statements":{"total":6,"covered":5,"skipped":0,"pct":83.33},"branches":{"total":6,"covered":5,"skipped":0,"pct":83.33}}
}
