TN:
SF:src/lib/constants.js
FNF:0
FNH:0
DA:1,6
DA:2,6
DA:3,6
LF:3
LH:3
BRF:0
BRH:0
end_of_record
TN:
SF:src/lib/index.js
FN:9,emailInputFactory
FN:13,(anonymous_1)
FN:14,(anonymous_2)
FN:15,(anonymous_3)
FN:16,(anonymous_4)
FNF:5
FNH:4
FNDA:2,emailInputFactory
FNDA:0,(anonymous_1)
FNDA:8,(anonymous_2)
FNDA:1,(anonymous_3)
FNDA:7,(anonymous_4)
DA:10,2
DA:12,2
DA:13,0
DA:14,8
DA:16,7
LF:5
LH:4
BRF:0
BRH:0
end_of_record
TN:
SF:src/lib/components/block-email/index.js
FN:11,createBlockEmailElement
FNF:1
FNH:1
FNDA:23,createBlockEmailElement
DA:15,23
DA:16,22
DA:17,1
DA:19,21
DA:20,21
DA:21,21
DA:23,21
DA:24,21
DA:26,21
DA:27,21
DA:29,21
DA:30,21
DA:31,21
DA:32,21
DA:34,21
LF:15
LH:15
BRDA:12,0,0,1
BRDA:13,1,0,2
BRDA:15,2,0,1
BRDA:15,2,1,22
BRDA:16,3,0,1
BRDA:16,3,1,21
BRDA:20,4,0,14
BRDA:20,4,1,7
BRF:8
BRH:8
end_of_record
TN:
SF:src/lib/components/close-icon/index.js
FN:6,createIconCloseElement
FN:14,(anonymous_1)
FNF:2
FNH:2
FNDA:23,createIconCloseElement
FNDA:1,(anonymous_1)
DA:7,23
DA:8,23
DA:9,23
DA:10,23
DA:11,23
DA:12,23
DA:14,23
DA:15,1
DA:16,1
DA:18,1
DA:20,23
LF:11
LH:11
BRF:0
BRH:0
end_of_record
TN:
SF:src/lib/components/email-input/index.js
FN:13,EmailInput
FN:21,(anonymous_1)
FN:40,(anonymous_2)
FN:42,(anonymous_3)
FN:45,(anonymous_4)
FN:48,(anonymous_5)
FN:54,(anonymous_6)
FN:61,(anonymous_7)
FN:79,(anonymous_8)
FN:83,(anonymous_9)
FN:96,(anonymous_10)
FN:113,(anonymous_11)
FN:117,(anonymous_12)
FNF:13
FNH:8
FNDA:11,EmailInput
FNDA:0,(anonymous_1)
FNDA:9,(anonymous_2)
FNDA:0,(anonymous_3)
FNDA:0,(anonymous_4)
FNDA:0,(anonymous_5)
FNDA:1,(anonymous_6)
FNDA:18,(anonymous_7)
FNDA:18,(anonymous_8)
FNDA:0,(anonymous_9)
FNDA:2,(anonymous_10)
FNDA:2,(anonymous_11)
FNDA:6,(anonymous_12)
DA:14,11
DA:15,10
DA:16,9
DA:18,9
DA:19,9
DA:21,9
DA:22,0
DA:25,9
DA:27,9
DA:28,9
DA:29,9
DA:30,9
DA:32,9
DA:33,9
DA:34,9
DA:40,2
DA:41,9
DA:43,0
DA:46,0
DA:49,0
DA:54,2
DA:55,1
DA:61,2
DA:62,18
DA:64,18
DA:65,0
DA:66,0
DA:69,18
DA:70,18
DA:71,18
DA:79,2
DA:80,18
DA:84,0
DA:85,0
DA:89,18
DA:96,2
DA:97,2
DA:99,2
DA:100,2
DA:102,2
DA:104,2
DA:106,2
DA:113,2
DA:114,2
DA:116,2
DA:117,6
LF:46
LH:38
BRDA:14,0,0,1
BRDA:14,0,1,10
BRDA:15,1,0,1
BRDA:15,1,1,9
BRDA:62,2,0,0
BRDA:62,2,1,18
BRDA:64,3,0,0
BRDA:64,3,1,18
BRDA:97,4,0,0
BRDA:97,4,1,2
BRDA:102,5,0,0
BRDA:102,5,1,2
BRDA:102,6,0,2
BRDA:102,6,1,2
BRDA:114,7,0,0
BRDA:114,7,1,2
BRF:16
BRH:11
end_of_record
TN:
SF:src/lib/components/input/index.js
FN:9,onKeyupFactory
FN:10,(anonymous_1)
FN:32,onPasteFactory
FN:33,(anonymous_3)
FN:49,onBlurFactory
FN:50,(anonymous_5)
FN:71,createInputElement
FN:82,(anonymous_7)
FNF:8
FNH:7
FNDA:12,onKeyupFactory
FNDA:1,(anonymous_1)
FNDA:12,onPasteFactory
FNDA:1,(anonymous_3)
FNDA:12,onBlurFactory
FNDA:1,(anonymous_5)
FNDA:11,createInputElement
FNDA:0,(anonymous_7)
DA:10,12
DA:14,1
DA:15,1
DA:18,1
DA:20,1
DA:21,1
DA:22,1
DA:23,1
DA:33,12
DA:34,1
DA:35,1
DA:37,1
DA:38,1
DA:39,1
DA:40,1
DA:50,12
DA:51,1
DA:52,1
DA:56,1
DA:58,1
DA:59,1
DA:75,11
DA:76,11
DA:77,11
DA:78,11
DA:79,11
DA:80,11
DA:82,11
DA:83,0
DA:86,11
DA:87,11
DA:89,11
DA:90,11
DA:92,11
DA:93,11
DA:95,11
LF:36
LH:35
BRDA:15,0,0,0
BRDA:15,0,1,1
BRDA:18,1,0,0
BRDA:18,1,1,1
BRDA:37,2,0,1
BRDA:37,2,1,0
BRDA:72,3,0,10
BRDA:72,4,0,10
BRDA:73,5,0,2
BRF:9
BRH:6
end_of_record
TN:
SF:src/lib/components/wrapper/index.js
FN:7,createWrapperElement
FN:13,(anonymous_1)
FNF:2
FNH:1
FNDA:9,createWrapperElement
FNDA:0,(anonymous_1)
DA:8,9
DA:10,9
DA:11,9
DA:13,9
DA:14,0
DA:15,0
DA:18,9
LF:7
LH:5
BRDA:7,0,0,0
BRF:1
BRH:0
end_of_record
TN:
SF:src/lib/utils/index.js
FN:3,isElement
FN:7,keyPressedIsCommaOrEnter
FN:11,isValidEmail
FN:22,createUniqueBlockId
FNF:4
FNH:4
FNDA:12,isElement
FNDA:3,keyPressedIsCommaOrEnter
FNDA:20,isValidEmail
FNDA:49,createUniqueBlockId
DA:4,12
DA:8,3
DA:12,20
DA:13,20
DA:23,49
LF:5
LH:5
BRDA:4,0,0,12
BRDA:4,0,1,2
BRDA:8,1,0,3
BRDA:8,1,1,1
BRDA:12,2,0,0
BRDA:12,2,1,20
BRF:6
BRH:5
end_of_record
